Command line invocation:
    /Applications/Xcode.app/Contents/Developer/usr/bin/xcodebuild test -scheme DunGen -destination platform=iOS,name=Momo "-only-testing:DunGenTests/FullAdventureIntegrationTest/testCompleteAdventureSequence"

ComputePackagePrebuildTargetDependencyGraph

Prepare packages

CreateBuildRequest

SendProjectDescription

CreateBuildOperation

ComputeTargetDependencyGraph
note: Building targets in dependency order
note: Target dependency graph (2 targets)
    Target 'DunGenTests' in project 'DunGen'
        âžœ Explicit dependency on target 'DunGen' in project 'DunGen'
    Target 'DunGen' in project 'DunGen' (no dependencies)

GatherProvisioningInputs

CreateBuildDescription

ExecuteExternalTool /Applications/Xcode.app/Contents/Developer/Toolchains/XcodeDefault.xctoolchain/usr/bin/clang -v -E -dM -isysroot /Applications/Xcode.app/Contents/Developer/Platforms/iPhoneOS.platform/Developer/SDKs/iPhoneOS26.0.sdk -x c -c /dev/null

ExecuteExternalTool /Applications/Xcode.app/Contents/Developer/Toolchains/XcodeDefault.xctoolchain/usr/bin/swiftc --version

ExecuteExternalTool /Applications/Xcode.app/Contents/Developer/usr/bin/actool --print-asset-tag-combinations --output-format xml1 /Users/giant/Projects/DunGen/DunGen/Resources/Assets.xcassets

ExecuteExternalTool /Applications/Xcode.app/Contents/Developer/usr/bin/actool --version --output-format xml1

ExecuteExternalTool /Applications/Xcode.app/Contents/Developer/Toolchains/XcodeDefault.xctoolchain/usr/bin/ld -version_details

Build description signature: 9d570a77b7605f038d534ee4e29aba6e
Build description path: /Users/giant/Library/Developer/Xcode/DerivedData/DunGen-arbviviwwedmvugoortpzrtxhvxm/Build/Intermediates.noindex/XCBuildData/9d570a77b7605f038d534ee4e29aba6e.xcbuilddata
ClangStatCache /Applications/Xcode.app/Contents/Developer/Toolchains/XcodeDefault.xctoolchain/usr/bin/clang-stat-cache /Applications/Xcode.app/Contents/Developer/Platforms/iPhoneOS.platform/Developer/SDKs/iPhoneOS26.0.sdk /Users/giant/Library/Developer/Xcode/DerivedData/SDKStatCaches.noindex/iphoneos26.0-23A339-3885c01c3e6b6a337905948deab2002e81ce72e5b06c9602b9d30b56f2eed08a.sdkstatcache
    cd /Users/giant/Projects/DunGen/DunGen.xcodeproj
    /Applications/Xcode.app/Contents/Developer/Toolchains/XcodeDefault.xctoolchain/usr/bin/clang-stat-cache /Applications/Xcode.app/Contents/Developer/Platforms/iPhoneOS.platform/Developer/SDKs/iPhoneOS26.0.sdk -o /Users/giant/Library/Developer/Xcode/DerivedData/SDKStatCaches.noindex/iphoneos26.0-23A339-3885c01c3e6b6a337905948deab2002e81ce72e5b06c9602b9d30b56f2eed08a.sdkstatcache

SwiftDriver DunGenTests normal arm64 com.apple.xcode.tools.swift.compiler (in target 'DunGenTests' from project 'DunGen')
    cd /Users/giant/Projects/DunGen
    builtin-SwiftDriver -- /Applications/Xcode.app/Contents/Developer/Toolchains/XcodeDefault.xctoolchain/usr/bin/swiftc -module-name DunGenTests -Onone -enforce-exclusivity\=checked @/Users/giant/Library/Developer/Xcode/DerivedData/DunGen-arbviviwwedmvugoortpzrtxhvxm/Build/Intermediates.noindex/DunGen.build/Debug-iphoneos/DunGenTests.build/Objects-normal/arm64/DunGenTests.SwiftFileList -DDEBUG -plugin-path /Applications/Xcode.app/Contents/Developer/Toolchains/XcodeDefault.xctoolchain/usr/lib/swift/host/plugins/testing -enable-bare-slash-regex -enable-upcoming-feature DisableOutwardActorInference -enable-upcoming-feature InferSendableFromCaptures -enable-upcoming-feature GlobalActorIsolatedTypesUsability -enable-upcoming-feature MemberImportVisibility -enable-upcoming-feature InferIsolatedConformances -enable-upcoming-feature NonisolatedNonsendingByDefault -enable-experimental-feature DebugDescriptionMacro -sdk /Applications/Xcode.app/Contents/Developer/Platforms/iPhoneOS.platform/Developer/SDKs/iPhoneOS26.0.sdk -target arm64-apple-ios26.0 -g -module-cache-path /Users/giant/Library/Developer/Xcode/DerivedData/ModuleCache.noindex -Xfrontend -serialize-debugging-options -profile-coverage-mapping -profile-generate -enable-testing -index-store-path /Users/giant/Library/Developer/Xcode/DerivedData/DunGen-arbviviwwedmvugoortpzrtxhvxm/Index.noindex/DataStore -Xcc -D_LIBCPP_HARDENING_MODE\=_LIBCPP_HARDENING_MODE_DEBUG -swift-version 5 -I /Users/giant/Library/Developer/Xcode/DerivedData/DunGen-arbviviwwedmvugoortpzrtxhvxm/Build/Products/Debug-iphoneos -Isystem /Applications/Xcode.app/Contents/Developer/Platforms/iPhoneOS.platform/Developer/usr/lib -F /Users/giant/Library/Developer/Xcode/DerivedData/DunGen-arbviviwwedmvugoortpzrtxhvxm/Build/Products/Debug-iphoneos -F /Applications/Xcode.app/Contents/Developer/Platforms/iPhoneOS.platform/Developer/Library/Frameworks -F /Applications/Xcode.app/Contents/Developer/Platforms/iPhoneOS.platform/Developer/SDKs/iPhoneOS26.0.sdk/Developer/Library/Frameworks -c -j10 -enable-batch-mode -incremental -Xcc -ivfsstatcache -Xcc /Users/giant/Library/Developer/Xcode/DerivedData/SDKStatCaches.noindex/iphoneos26.0-23A339-3885c01c3e6b6a337905948deab2002e81ce72e5b06c9602b9d30b56f2eed08a.sdkstatcache -output-file-map /Users/giant/Library/Developer/Xcode/DerivedData/DunGen-arbviviwwedmvugoortpzrtxhvxm/Build/Intermediates.noindex/DunGen.build/Debug-iphoneos/DunGenTests.build/Objects-normal/arm64/DunGenTests-OutputFileMap.json -use-frontend-parseable-output -save-temps -no-color-diagnostics -explicit-module-build -module-cache-path /Users/giant/Library/Developer/Xcode/DerivedData/DunGen-arbviviwwedmvugoortpzrtxhvxm/Build/Intermediates.noindex/SwiftExplicitPrecompiledModules -clang-scanner-module-cache-path /Users/giant/Library/Developer/Xcode/DerivedData/ModuleCache.noindex -sdk-module-cache-path /Users/giant/Library/Developer/Xcode/DerivedData/ModuleCache.noindex -serialize-diagnostics -emit-dependencies -emit-module -emit-module-path /Users/giant/Library/Developer/Xcode/DerivedData/DunGen-arbviviwwedmvugoortpzrtxhvxm/Build/Intermediates.noindex/DunGen.build/Debug-iphoneos/DunGenTests.build/Objects-normal/arm64/DunGenTests.swiftmodule -validate-clang-modules-once -clang-build-session-file /Users/giant/Library/Developer/Xcode/DerivedData/ModuleCache.noindex/Session.modulevalidation -Xcc -I/Users/giant/Library/Developer/Xcode/DerivedData/DunGen-arbviviwwedmvugoortpzrtxhvxm/Build/Intermediates.noindex/DunGen.build/Debug-iphoneos/DunGenTests.build/swift-overrides.hmap -emit-const-values -Xfrontend -const-gather-protocols-file -Xfrontend /Users/giant/Library/Developer/Xcode/DerivedData/DunGen-arbviviwwedmvugoortpzrtxhvxm/Build/Intermediates.noindex/DunGen.build/Debug-iphoneos/DunGenTests.build/Objects-normal/arm64/DunGenTests_const_extract_protocols.json -Xcc -iquote -Xcc /Users/giant/Library/Developer/Xcode/DerivedData/DunGen-arbviviwwedmvugoortpzrtxhvxm/Build/Intermediates.noindex/DunGen.build/Debug-iphoneos/DunGenTests.build/DunGenTests-generated-files.hmap -Xcc -I/Users/giant/Library/Developer/Xcode/DerivedData/DunGen-arbviviwwedmvugoortpzrtxhvxm/Build/Intermediates.noindex/DunGen.build/Debug-iphoneos/DunGenTests.build/DunGenTests-own-target-headers.hmap -Xcc -I/Users/giant/Library/Developer/Xcode/DerivedData/DunGen-arbviviwwedmvugoortpzrtxhvxm/Build/Intermediates.noindex/DunGen.build/Debug-iphoneos/DunGenTests.build/DunGenTests-all-target-headers.hmap -Xcc -iquote -Xcc /Users/giant/Library/Developer/Xcode/DerivedData/DunGen-arbviviwwedmvugoortpzrtxhvxm/Build/Intermediates.noindex/DunGen.build/Debug-iphoneos/DunGenTests.build/DunGenTests-project-headers.hmap -Xcc -I/Users/giant/Library/Developer/Xcode/DerivedData/DunGen-arbviviwwedmvugoortpzrtxhvxm/Build/Products/Debug-iphoneos/include -Xcc -I/Users/giant/Library/Developer/Xcode/DerivedData/DunGen-arbviviwwedmvugoortpzrtxhvxm/Build/Intermediates.noindex/DunGen.build/Debug-iphoneos/DunGenTests.build/DerivedSources-normal/arm64 -Xcc -I/Users/giant/Library/Developer/Xcode/DerivedData/DunGen-arbviviwwedmvugoortpzrtxhvxm/Build/Intermediates.noindex/DunGen.build/Debug-iphoneos/DunGenTests.build/DerivedSources/arm64 -Xcc -I/Users/giant/Library/Developer/Xcode/DerivedData/DunGen-arbviviwwedmvugoortpzrtxhvxm/Build/Intermediates.noindex/DunGen.build/Debug-iphoneos/DunGenTests.build/DerivedSources -Xcc -DDEBUG\=1 -emit-objc-header -emit-objc-header-path /Users/giant/Library/Developer/Xcode/DerivedData/DunGen-arbviviwwedmvugoortpzrtxhvxm/Build/Intermediates.noindex/DunGen.build/Debug-iphoneos/DunGenTests.build/Objects-normal/arm64/DunGenTests-Swift.h -working-directory /Users/giant/Projects/DunGen -experimental-emit-module-separately -disable-cmo
/Users/giant/Projects/DunGen/DunGenTests/FullAdventureIntegrationTest.swift:27:17: error: expected expression in list of expressions
        #expect(case .available = engine.availability, "LLM should be available")
                ^
/Users/giant/Projects/DunGen/DunGenTests/FullAdventureIntegrationTest.swift:27:17: error: Expected expression in list of expressions
        #expect(case .available = engine.availability, "LLM should be available")
                ^ (in target 'DunGenTests' from project 'DunGen')

ProcessInfoPlistFile /Users/giant/Library/Developer/Xcode/DerivedData/DunGen-arbviviwwedmvugoortpzrtxhvxm/Build/Products/Debug-iphoneos/DunGen.app/Info.plist /Users/giant/Library/Developer/Xcode/DerivedData/DunGen-arbviviwwedmvugoortpzrtxhvxm/Build/Intermediates.noindex/DunGen.build/Debug-iphoneos/DunGen.build/empty-DunGen.plist (in target 'DunGen' from project 'DunGen')
    cd /Users/giant/Projects/DunGen
    builtin-infoPlistUtility /Users/giant/Library/Developer/Xcode/DerivedData/DunGen-arbviviwwedmvugoortpzrtxhvxm/Build/Intermediates.noindex/DunGen.build/Debug-iphoneos/DunGen.build/empty-DunGen.plist -producttype com.apple.product-type.application -genpkginfo /Users/giant/Library/Developer/Xcode/DerivedData/DunGen-arbviviwwedmvugoortpzrtxhvxm/Build/Products/Debug-iphoneos/DunGen.app/PkgInfo -expandbuildsettings -format binary -platform iphoneos -additionalcontentfile /Users/giant/Library/Developer/Xcode/DerivedData/DunGen-arbviviwwedmvugoortpzrtxhvxm/Build/Intermediates.noindex/DunGen.build/Debug-iphoneos/DunGen.build/assetcatalog_generated_info.plist -requiredArchitecture arm64 -o /Users/giant/Library/Developer/Xcode/DerivedData/DunGen-arbviviwwedmvugoortpzrtxhvxm/Build/Products/Debug-iphoneos/DunGen.app/Info.plist

CopySwiftLibs /Users/giant/Library/Developer/Xcode/DerivedData/DunGen-arbviviwwedmvugoortpzrtxhvxm/Build/Products/Debug-iphoneos/DunGen.app (in target 'DunGen' from project 'DunGen')
    cd /Users/giant/Projects/DunGen
    builtin-swiftStdLibTool --copy --verbose --sign 68A0CF2158C414CE3F171EDE64F52A8C8C54BEF3 --scan-executable /Users/giant/Library/Developer/Xcode/DerivedData/DunGen-arbviviwwedmvugoortpzrtxhvxm/Build/Products/Debug-iphoneos/DunGen.app/DunGen.debug.dylib --scan-folder /Users/giant/Library/Developer/Xcode/DerivedData/DunGen-arbviviwwedmvugoortpzrtxhvxm/Build/Products/Debug-iphoneos/DunGen.app/Frameworks --scan-folder /Users/giant/Library/Developer/Xcode/DerivedData/DunGen-arbviviwwedmvugoortpzrtxhvxm/Build/Products/Debug-iphoneos/DunGen.app/PlugIns --scan-folder /Users/giant/Library/Developer/Xcode/DerivedData/DunGen-arbviviwwedmvugoortpzrtxhvxm/Build/Products/Debug-iphoneos/DunGen.app/SystemExtensions --scan-folder /Users/giant/Library/Developer/Xcode/DerivedData/DunGen-arbviviwwedmvugoortpzrtxhvxm/Build/Products/Debug-iphoneos/DunGen.app/Extensions --platform iphoneos --toolchain /var/run/com.apple.security.cryptexd/mnt/com.apple.MobileAsset.MetalToolchain-v17.1.324.0.H32lnr/Metal.xctoolchain --toolchain /Applications/Xcode.app/Contents/Developer/Toolchains/XcodeDefault.xctoolchain --destination /Users/giant/Library/Developer/Xcode/DerivedData/DunGen-arbviviwwedmvugoortpzrtxhvxm/Build/Products/Debug-iphoneos/DunGen.app/Frameworks --strip-bitcode --strip-bitcode-tool /Applications/Xcode.app/Contents/Developer/Toolchains/XcodeDefault.xctoolchain/usr/bin/bitcode_strip --emit-dependency-info /Users/giant/Library/Developer/Xcode/DerivedData/DunGen-arbviviwwedmvugoortpzrtxhvxm/Build/Intermediates.noindex/DunGen.build/Debug-iphoneos/DunGen.build/SwiftStdLibToolInputDependencies.dep --filter-for-swift-os

ProcessInfoPlistFile /Users/giant/Library/Developer/Xcode/DerivedData/DunGen-arbviviwwedmvugoortpzrtxhvxm/Build/Products/Debug-iphoneos/DunGen.app/PlugIns/DunGenTests.xctest/Info.plist /Users/giant/Library/Developer/Xcode/DerivedData/DunGen-arbviviwwedmvugoortpzrtxhvxm/Build/Intermediates.noindex/DunGen.build/Debug-iphoneos/DunGenTests.build/empty-DunGenTests.plist (in target 'DunGenTests' from project 'DunGen')
    cd /Users/giant/Projects/DunGen
    builtin-infoPlistUtility /Users/giant/Library/Developer/Xcode/DerivedData/DunGen-arbviviwwedmvugoortpzrtxhvxm/Build/Intermediates.noindex/DunGen.build/Debug-iphoneos/DunGenTests.build/empty-DunGenTests.plist -producttype com.apple.product-type.bundle.unit-test -expandbuildsettings -format binary -platform iphoneos -requiredArchitecture arm64 -o /Users/giant/Library/Developer/Xcode/DerivedData/DunGen-arbviviwwedmvugoortpzrtxhvxm/Build/Products/Debug-iphoneos/DunGen.app/PlugIns/DunGenTests.xctest/Info.plist


Test session results, code coverage, and logs:
	/Users/giant/Library/Developer/Xcode/DerivedData/DunGen-arbviviwwedmvugoortpzrtxhvxm/Logs/Test/Test-DunGen-2025.10.27_15-23-48--0700.xcresult

Testing failed:
	Expected expression in list of expressions
        #expect(case .available = engine.availability, "LLM should be available")
                ^
	Testing cancelled because the build failed.

** TEST FAILED **


The following build commands failed:
	SwiftDriver DunGenTests normal arm64 com.apple.xcode.tools.swift.compiler (in target 'DunGenTests' from project 'DunGen')
	Testing project DunGen with scheme DunGen
(2 failures)
